<?xml version="1.0" encoding="UTF-8"?>
<!-- Generated by org.testng.reporters.JUnitReportReporter -->
<testsuite hostname="Z422" failures="0" tests="9" name="com.webrestapi.testcase.TC002_GETdetailsTest" time="6.836" errors="0" timestamp="2023-01-22T23:33:17 IST" skipped="3">
  <testcase classname="com.webrestapi.testcase.TC002_GETdetailsTest" name="GETDetailsTest" time="6.790"/>
  <system-out/>
  <testcase classname="com.webrestapi.testcase.TC002_GETdetailsTest" name="checkStatusCode" time="0.008"/>
  <system-out/>
  <testcase classname="com.webrestapi.testcase.TC002_GETdetailsTest" name="checkResponseTime" time="0.009"/>
  <system-out/>
  <testcase classname="com.webrestapi.testcase.TC002_GETdetailsTest" name="checkStatusLine" time="0.011"/>
  <system-out/>
  <testcase classname="com.webrestapi.testcase.TC002_GETdetailsTest" name="checkContentType" time="0.008"/>
  <system-out/>
  <testcase classname="com.webrestapi.testcase.TC002_GETdetailsTest" name="checkServer" time="0.010"/>
  <system-out/>
  <testcase classname="com.webrestapi.testcase.TC002_GETdetailsTest" name="checkCookie">
    <skipped/>
  </testcase> <!-- checkCookie -->
  <system-out/>
  <testcase classname="com.webrestapi.testcase.TC002_GETdetailsTest" name="checkContentLength">
    <skipped/>
  </testcase> <!-- checkContentLength -->
  <system-out/>
  <testcase classname="com.webrestapi.testcase.TC002_GETdetailsTest" name="checkContentEncoding">
    <skipped/>
  </testcase> <!-- checkContentEncoding -->
  <system-out/>
</testsuite> <!-- com.webrestapi.testcase.TC002_GETdetailsTest -->
