<?xml version="1.0" encoding="UTF-8"?>
<!-- Generated by org.testng.reporters.JUnitReportReporter -->
<testsuite hostname="Z422" failures="0" tests="8" name="com.webrestapi.testcase.TC004_DELETEdetailsTest" time="6.840" errors="0" timestamp="2023-01-22T23:33:17 IST" skipped="2">
  <testcase classname="com.webrestapi.testcase.TC004_DELETEdetailsTest" name="DELETEDetailsTest" time="6.799"/>
  <system-out/>
  <testcase classname="com.webrestapi.testcase.TC004_DELETEdetailsTest" name="checkStatusCode" time="0.006"/>
  <system-out/>
  <testcase classname="com.webrestapi.testcase.TC004_DELETEdetailsTest" name="checkResponseTime" time="0.008"/>
  <system-out/>
  <testcase classname="com.webrestapi.testcase.TC004_DELETEdetailsTest" name="checkStatusLine" time="0.005"/>
  <system-out/>
  <testcase classname="com.webrestapi.testcase.TC004_DELETEdetailsTest" name="checkContentType" time="0.012"/>
  <system-out/>
  <testcase classname="com.webrestapi.testcase.TC004_DELETEdetailsTest" name="checkServer" time="0.010"/>
  <system-out/>
  <testcase classname="com.webrestapi.testcase.TC004_DELETEdetailsTest" name="checkContentEncoding">
    <skipped/>
  </testcase> <!-- checkContentEncoding -->
  <system-out/>
  <testcase classname="com.webrestapi.testcase.TC004_DELETEdetailsTest" name="checkContentLength">
    <skipped/>
  </testcase> <!-- checkContentLength -->
  <system-out/>
</testsuite> <!-- com.webrestapi.testcase.TC004_DELETEdetailsTest -->
