<?xml version="1.0" encoding="UTF-8"?>
<!-- Generated by org.testng.reporters.JUnitReportReporter -->
<testsuite hostname="Z422" failures="0" tests="9" name="com.webrestapi.testcase.TC005_GETauthdetailsTest" time="6.839" errors="0" timestamp="2023-01-22T23:33:17 IST" skipped="3">
  <testcase classname="com.webrestapi.testcase.TC005_GETauthdetailsTest" name="GETAuthLoginTest" time="6.791"/>
  <system-out/>
  <testcase classname="com.webrestapi.testcase.TC005_GETauthdetailsTest" name="checkStatusCode" time="0.006"/>
  <system-out/>
  <testcase classname="com.webrestapi.testcase.TC005_GETauthdetailsTest" name="checkResponseTime" time="0.009"/>
  <system-out/>
  <testcase classname="com.webrestapi.testcase.TC005_GETauthdetailsTest" name="checkStatusLine" time="0.008"/>
  <system-out/>
  <testcase classname="com.webrestapi.testcase.TC005_GETauthdetailsTest" name="checkContentType" time="0.008"/>
  <system-out/>
  <testcase classname="com.webrestapi.testcase.TC005_GETauthdetailsTest" name="checkServer" time="0.017"/>
  <system-out/>
  <testcase classname="com.webrestapi.testcase.TC005_GETauthdetailsTest" name="checkContentEncoding">
    <skipped/>
  </testcase> <!-- checkContentEncoding -->
  <system-out/>
  <testcase classname="com.webrestapi.testcase.TC005_GETauthdetailsTest" name="checkCookie">
    <skipped/>
  </testcase> <!-- checkCookie -->
  <system-out/>
  <testcase classname="com.webrestapi.testcase.TC005_GETauthdetailsTest" name="checkContentLength">
    <skipped/>
  </testcase> <!-- checkContentLength -->
  <system-out/>
</testsuite> <!-- com.webrestapi.testcase.TC005_GETauthdetailsTest -->
