<?xml version="1.0" encoding="UTF-8"?>
<!-- Generated by org.testng.reporters.JUnitReportReporter -->
<testsuite hostname="Z422" failures="0" tests="7" name="com.webrestapi.testcase.TC001_POSTnewdetailsTest" time="14.974" errors="0" timestamp="2023-01-22T23:33:17 IST" skipped="1">
  <testcase classname="com.webrestapi.testcase.TC001_POSTnewdetailsTest" name="POSTDetailsTest" time="14.921"/>
  <system-out/>
  <testcase classname="com.webrestapi.testcase.TC001_POSTnewdetailsTest" name="checkStatusCode" time="0.006"/>
  <system-out/>
  <testcase classname="com.webrestapi.testcase.TC001_POSTnewdetailsTest" name="checkResponseTime" time="0.027"/>
  <system-out/>
  <testcase classname="com.webrestapi.testcase.TC001_POSTnewdetailsTest" name="checkStatusLine" time="0.006"/>
  <system-out/>
  <testcase classname="com.webrestapi.testcase.TC001_POSTnewdetailsTest" name="checkContentType" time="0.006"/>
  <system-out/>
  <testcase classname="com.webrestapi.testcase.TC001_POSTnewdetailsTest" name="checkServer" time="0.008"/>
  <system-out/>
  <testcase classname="com.webrestapi.testcase.TC001_POSTnewdetailsTest" name="checkContentEncoding">
    <skipped/>
  </testcase> <!-- checkContentEncoding -->
  <system-out/>
</testsuite> <!-- com.webrestapi.testcase.TC001_POSTnewdetailsTest -->
