<?xml version="1.0" encoding="UTF-8"?>
<!-- Generated by org.testng.reporters.JUnitReportReporter -->
<testsuite hostname="Z422" failures="0" tests="8" name="com.webrestapi.testcase.TC003_PUTdetailsTest" time="6.783" errors="0" timestamp="2023-01-22T23:33:17 IST" skipped="2">
  <testcase classname="com.webrestapi.testcase.TC003_PUTdetailsTest" name="PUTDetailsTest" time="6.738"/>
  <system-out/>
  <testcase classname="com.webrestapi.testcase.TC003_PUTdetailsTest" name="checkStatusCode" time="0.012"/>
  <system-out/>
  <testcase classname="com.webrestapi.testcase.TC003_PUTdetailsTest" name="checkResponseTime" time="0.010"/>
  <system-out/>
  <testcase classname="com.webrestapi.testcase.TC003_PUTdetailsTest" name="checkStatusLine" time="0.007"/>
  <system-out/>
  <testcase classname="com.webrestapi.testcase.TC003_PUTdetailsTest" name="checkContentType" time="0.008"/>
  <system-out/>
  <testcase classname="com.webrestapi.testcase.TC003_PUTdetailsTest" name="checkServer" time="0.008"/>
  <system-out/>
  <testcase classname="com.webrestapi.testcase.TC003_PUTdetailsTest" name="checkContentLength">
    <skipped/>
  </testcase> <!-- checkContentLength -->
  <system-out/>
  <testcase classname="com.webrestapi.testcase.TC003_PUTdetailsTest" name="checkContentEncoding">
    <skipped/>
  </testcase> <!-- checkContentEncoding -->
  <system-out/>
</testsuite> <!-- com.webrestapi.testcase.TC003_PUTdetailsTest -->
