<?xml version="1.0" encoding="UTF-8"?>
<!-- Generated by org.testng.reporters.JUnitReportReporter -->
<testsuite hostname="Z422" failures="0" tests="10" name="com.webrestapi.testcase.TC006_GETpendTest" time="6.653" errors="0" timestamp="2023-01-22T23:33:17 IST" skipped="3">
  <testcase classname="com.webrestapi.testcase.TC006_GETpendTest" name="GETPendingTest" time="6.612"/>
  <system-out/>
  <testcase classname="com.webrestapi.testcase.TC006_GETpendTest" name="checkResponseBody" time="0.004"/>
  <system-out/>
  <testcase classname="com.webrestapi.testcase.TC006_GETpendTest" name="checkStatusCode" time="0.008"/>
  <system-out/>
  <testcase classname="com.webrestapi.testcase.TC006_GETpendTest" name="checkResponseTime" time="0.005"/>
  <system-out/>
  <testcase classname="com.webrestapi.testcase.TC006_GETpendTest" name="checkStatusLine" time="0.013"/>
  <system-out/>
  <testcase classname="com.webrestapi.testcase.TC006_GETpendTest" name="checkContentType" time="0.004"/>
  <system-out/>
  <testcase classname="com.webrestapi.testcase.TC006_GETpendTest" name="checkServer" time="0.007"/>
  <system-out/>
  <testcase classname="com.webrestapi.testcase.TC006_GETpendTest" name="checkCookie">
    <skipped/>
  </testcase> <!-- checkCookie -->
  <system-out/>
  <testcase classname="com.webrestapi.testcase.TC006_GETpendTest" name="checkContentLength">
    <skipped/>
  </testcase> <!-- checkContentLength -->
  <system-out/>
  <testcase classname="com.webrestapi.testcase.TC006_GETpendTest" name="checkContentEncoding">
    <skipped/>
  </testcase> <!-- checkContentEncoding -->
  <system-out/>
</testsuite> <!-- com.webrestapi.testcase.TC006_GETpendTest -->
