<?xml version="1.0" encoding="UTF-8"?>
<!-- Generated by org.testng.reporters.JUnitReportReporter -->
<testsuite hostname="Z422" failures="0" tests="10" name="com.webrestapi.testcase.TC007_GETavailTest" time="7.105" errors="0" timestamp="2023-01-22T23:33:17 IST" skipped="3">
  <testcase classname="com.webrestapi.testcase.TC007_GETavailTest" name="GETAvailableTest" time="6.997"/>
  <system-out/>
  <testcase classname="com.webrestapi.testcase.TC007_GETavailTest" name="checkResponseBody" time="0.081"/>
  <system-out/>
  <testcase classname="com.webrestapi.testcase.TC007_GETavailTest" name="checkStatusCode" time="0.006"/>
  <system-out/>
  <testcase classname="com.webrestapi.testcase.TC007_GETavailTest" name="checkResponseTime" time="0.004"/>
  <system-out/>
  <testcase classname="com.webrestapi.testcase.TC007_GETavailTest" name="checkStatusLine" time="0.004"/>
  <system-out/>
  <testcase classname="com.webrestapi.testcase.TC007_GETavailTest" name="checkContentType" time="0.004"/>
  <system-out/>
  <testcase classname="com.webrestapi.testcase.TC007_GETavailTest" name="checkServer" time="0.009"/>
  <system-out/>
  <testcase classname="com.webrestapi.testcase.TC007_GETavailTest" name="checkCookie">
    <skipped/>
  </testcase> <!-- checkCookie -->
  <system-out/>
  <testcase classname="com.webrestapi.testcase.TC007_GETavailTest" name="checkContentEncoding">
    <skipped/>
  </testcase> <!-- checkContentEncoding -->
  <system-out/>
  <testcase classname="com.webrestapi.testcase.TC007_GETavailTest" name="checkContentLength">
    <skipped/>
  </testcase> <!-- checkContentLength -->
  <system-out/>
</testsuite> <!-- com.webrestapi.testcase.TC007_GETavailTest -->
